<?xml version="1.0" encoding="UTF-8"?>
<testng-results ignored="0" total="1" passed="1" failed="0" skipped="0">
  <reporter-output>
  </reporter-output>
  <suite started-at="2022-03-02T20:18:29 EST" name="Default suite" finished-at="2022-03-02T20:18:43 EST" duration-ms="13075">
    <groups>
      <group name="sanity">
        <method signature="LoginTest_Opencart.test_Login()[pri:0, instance:com.CK.ecomm.user.test.LoginTest_Opencart@21de60b4]" name="test_Login" class="com.CK.ecomm.user.test.LoginTest_Opencart"/>
      </group> <!-- sanity -->
      <group name="master">
        <method signature="LoginTest_Opencart.test_Login()[pri:0, instance:com.CK.ecomm.user.test.LoginTest_Opencart@21de60b4]" name="test_Login" class="com.CK.ecomm.user.test.LoginTest_Opencart"/>
      </group> <!-- master -->
    </groups>
    <test started-at="2022-03-02T20:18:29 EST" name="Default test" finished-at="2022-03-02T20:18:43 EST" duration-ms="13075">
      <class name="com.CK.ecomm.user.test.LoginTest_Opencart">
        <test-method is-config="true" signature="setup()[pri:0, instance:com.CK.ecomm.user.test.LoginTest_Opencart@21de60b4]" started-at="2022-03-02T20:18:30 EST" name="setup" finished-at="2022-03-02T20:18:35 EST" duration-ms="5967" status="PASS">
          <reporter-output>
          </reporter-output>
        </test-method> <!-- setup -->
        <test-method signature="test_Login()[pri:0, instance:com.CK.ecomm.user.test.LoginTest_Opencart@21de60b4]" started-at="2022-03-02T20:18:35 EST" name="test_Login" finished-at="2022-03-02T20:18:43 EST" duration-ms="7066" status="PASS">
          <reporter-output>
          </reporter-output>
        </test-method> <!-- test_Login -->
        <test-method is-config="true" signature="tearDown()[pri:0, instance:com.CK.ecomm.user.test.LoginTest_Opencart@21de60b4]" started-at="2022-03-02T20:18:43 EST" name="tearDown" finished-at="2022-03-02T20:18:43 EST" duration-ms="0" status="PASS">
          <reporter-output>
          </reporter-output>
        </test-method> <!-- tearDown -->
      </class> <!-- com.CK.ecomm.user.test.LoginTest_Opencart -->
    </test> <!-- Default test -->
  </suite> <!-- Default suite -->
</testng-results>
